<?xml version="1.0" encoding="UTF-8"?>
<testsuite name="org.hyperskill.aquarium.Stage3UnitTest" tests="5" skipped="0" failures="0" errors="0" timestamp="2025-04-02T03:15:00" hostname="LIMIT0100845672" time="0.547">
  <properties/>
  <testcase name="test00_checkViewPager" classname="org.hyperskill.aquarium.Stage3UnitTest" time="0.082"/>
  <testcase name="test01_whenOnPageZeroCheckNextOnce" classname="org.hyperskill.aquarium.Stage3UnitTest" time="0.111"/>
  <testcase name="test02_whenOnPageOneCheckPreviousOnce" classname="org.hyperskill.aquarium.Stage3UnitTest" time="0.126"/>
  <testcase name="test02_whenOnPageZeroCheckNextUntilLastPage" classname="org.hyperskill.aquarium.Stage3UnitTest" time="0.107"/>
  <testcase name="test03_whenOnLastPageCheckPreviousUntilFirstPage" classname="org.hyperskill.aquarium.Stage3UnitTest" time="0.12"/>
  <system-out><![CDATA[]]></system-out>
  <system-err><![CDATA[]]></system-err>
</testsuite>
